Warning[205] C:\USERS\SEANA\MPLABXPROJECTS\MID_PRACTICE.X\PLAYGROUND.ASM 1 : Found directive in column 1. (LIST)
Warning[205] C:\USERS\SEANA\MPLABXPROJECTS\MID_PRACTICE.X\TOOLBELT.ASM 148 : Found directive in column 1. (ENDM)
Warning[205] C:\USERS\SEANA\MPLABXPROJECTS\MID_PRACTICE.X\TOOLBELT.ASM 172 : Found directive in column 1. (ENDM)
Warning[205] C:\USERS\SEANA\MPLABXPROJECTS\MID_PRACTICE.X\TOOLBELT.ASM 218 : Found directive in column 1. (ENDM)
Warning[205] C:\USERS\SEANA\MPLABXPROJECTS\MID_PRACTICE.X\TOOLBELT.ASM 307 : Found directive in column 1. (ENDM)
Warning[205] C:\USERS\SEANA\MPLABXPROJECTS\MID_PRACTICE.X\TOOLBELT.ASM 351 : Found directive in column 1. (ENDM)
Warning[205] C:\USERS\SEANA\MPLABXPROJECTS\MID_PRACTICE.X\TOOLBELT.ASM 427 : Found directive in column 1. (ENDM)
Warning[205] C:\USERS\SEANA\MPLABXPROJECTS\MID_PRACTICE.X\TOOLBELT.ASM 552 : Found directive in column 1. (ENDM)
Warning[207] C:\USERS\SEANA\MPLABXPROJECTS\MID_PRACTICE.X\PLAYGROUND.ASM 8 : Found label after column 1. (i)
Warning[207] C:\USERS\SEANA\MPLABXPROJECTS\MID_PRACTICE.X\PLAYGROUND.ASM 9 : Found label after column 1. (j)
Warning[207] C:\USERS\SEANA\MPLABXPROJECTS\MID_PRACTICE.X\PLAYGROUND.ASM 10 : Found label after column 1. (limI)
Warning[207] C:\USERS\SEANA\MPLABXPROJECTS\MID_PRACTICE.X\PLAYGROUND.ASM 11 : Found label after column 1. (limJ)
Warning[207] C:\USERS\SEANA\MPLABXPROJECTS\MID_PRACTICE.X\PLAYGROUND.ASM 12 : Found label after column 1. (sum)
Warning[207] C:\USERS\SEANA\MPLABXPROJECTS\MID_PRACTICE.X\PLAYGROUND.ASM 18 : Found label after column 1. (bodyLbl)
Warning[207] C:\USERS\SEANA\MPLABXPROJECTS\MID_PRACTICE.X\MUL_EXTENDED.ASM 13 : Found label after column 1. (nL)
Warning[207] C:\USERS\SEANA\MPLABXPROJECTS\MID_PRACTICE.X\MUL_EXTENDED.ASM 14 : Found label after column 1. (nH)
Warning[207] C:\USERS\SEANA\MPLABXPROJECTS\MID_PRACTICE.X\MUL_EXTENDED.ASM 15 : Found label after column 1. (mL)
Warning[207] C:\USERS\SEANA\MPLABXPROJECTS\MID_PRACTICE.X\MUL_EXTENDED.ASM 16 : Found label after column 1. (mH)
Warning[207] C:\USERS\SEANA\MPLABXPROJECTS\MID_PRACTICE.X\MUL_EXTENDED.ASM 17 : Found label after column 1. (dest1)
Warning[207] C:\USERS\SEANA\MPLABXPROJECTS\MID_PRACTICE.X\MUL_EXTENDED.ASM 18 : Found label after column 1. (dest2)
Warning[207] C:\USERS\SEANA\MPLABXPROJECTS\MID_PRACTICE.X\MUL_EXTENDED.ASM 19 : Found label after column 1. (dest3)
Warning[207] C:\USERS\SEANA\MPLABXPROJECTS\MID_PRACTICE.X\MUL_EXTENDED.ASM 20 : Found label after column 1. (dest4)
Warning[207] C:\USERS\SEANA\MPLABXPROJECTS\MID_PRACTICE.X\MUL_EXTENDED.ASM 34 : Found label after column 1. (nL_mL)
Warning[207] C:\USERS\SEANA\MPLABXPROJECTS\MID_PRACTICE.X\MUL_EXTENDED.ASM 42 : Found label after column 1. (nH_mL)
Warning[207] C:\USERS\SEANA\MPLABXPROJECTS\MID_PRACTICE.X\MUL_EXTENDED.ASM 50 : Found label after column 1. (nL_mH)
Warning[207] C:\USERS\SEANA\MPLABXPROJECTS\MID_PRACTICE.X\MUL_EXTENDED.ASM 58 : Found label after column 1. (nH_mH)
Warning[207] C:\USERS\SEANA\MPLABXPROJECTS\MID_PRACTICE.X\MUL_EXTENDED.ASM 67 : Found label after column 1. (STEP2)
Warning[207] C:\USERS\SEANA\MPLABXPROJECTS\MID_PRACTICE.X\MUL_EXTENDED.ASM 78 : Found label after column 1. (STEP3)
Warning[207] C:\USERS\SEANA\MPLABXPROJECTS\MID_PRACTICE.X\MUL_EXTENDED.ASM 88 : Found label after column 1. (finish)
